{
  "stats": {
    "suites": 1,
    "tests": 14,
    "passes": 14,
    "pending": 0,
    "failures": 0,
    "start": "2025-03-25T03:11:22.765Z",
    "end": "2025-03-25T03:11:24.499Z",
    "duration": 1734,
    "testsRegistered": 14,
    "passPercent": 100,
    "pendingPercent": 0,
    "other": 0,
    "hasOther": false,
    "skipped": 0,
    "hasSkipped": false
  },
  "results": [
    {
      "uuid": "a4119401-31b7-462d-a25b-ec8680b12a41",
      "title": "",
      "fullFile": "/Users/rajnishparmar/Documents/automation_suite/API_tests/test.js",
      "file": "/test.js",
      "beforeHooks": [],
      "afterHooks": [],
      "tests": [
        {
          "title": "Verify the 'POST' response code 200 for '/pet' route",
          "fullTitle": "Verify the 'POST' response code 200 for '/pet' route",
          "timedOut": false,
          "duration": 255,
          "state": "passed",
          "speed": "slow",
          "pass": true,
          "fail": false,
          "pending": false,
          "context": null,
          "code": "chai.request(baseURL)\n.post('/pet')\n.send(postData.createPet)\n.end(function(err,res){\n expect(res.statusCode).to.equal(200)\n expect(res)\n    if(err){\n        done(err);\n        }\n    done();\n})",
          "err": {},
          "uuid": "ba8247ad-924a-4ec1-8965-5c02252aa894",
          "parentUUID": "a4119401-31b7-462d-a25b-ec8680b12a41",
          "isHook": false,
          "skipped": false
        },
        {
          "title": "Verify the 'POST' response code 405 for '/pet' route",
          "fullTitle": "Verify the 'POST' response code 405 for '/pet' route",
          "timedOut": false,
          "duration": 110,
          "state": "passed",
          "speed": "slow",
          "pass": true,
          "fail": false,
          "pending": false,
          "context": null,
          "code": "chai.request(baseURL)\n.post('/pet')\n.send(postData.invalidinput)\n.end(function(err,res){\n expect(res.statusCode).to.equal(500)\n expect(res)\n    if(err){\n        done(err);\n        }\n    done();\n})",
          "err": {},
          "uuid": "f6180d5c-e1d0-482b-b1de-a4e04d02e056",
          "parentUUID": "a4119401-31b7-462d-a25b-ec8680b12a41",
          "isHook": false,
          "skipped": false
        },
        {
          "title": "Verify the 'POST' response data for '/pet' route",
          "fullTitle": "Verify the 'POST' response data for '/pet' route",
          "timedOut": false,
          "duration": 106,
          "state": "passed",
          "speed": "slow",
          "pass": true,
          "fail": false,
          "pending": false,
          "context": null,
          "code": "chai.request(baseURL)\n.post('/pet')\n.send(postData.createPet)\n.end(function(err,res){\n expect(res.body).to.have.property('id');\n expect(res.body).to.have.property('category');\n expect(res.body).to.have.property('name');\n expect(res.body).to.have.property('photoUrls');\n expect(res.body).to.have.property('status');\n    if(err){\n        done(err);\n        }\n    done();\n})",
          "err": {},
          "uuid": "99127066-88c2-4f72-a0b4-c8b2250deb86",
          "parentUUID": "a4119401-31b7-462d-a25b-ec8680b12a41",
          "isHook": false,
          "skipped": false
        },
        {
          "title": "Verify the 'POST' response data type for '/pet' route",
          "fullTitle": "Verify the 'POST' response data type for '/pet' route",
          "timedOut": false,
          "duration": 107,
          "state": "passed",
          "speed": "slow",
          "pass": true,
          "fail": false,
          "pending": false,
          "context": null,
          "code": "chai.request(baseURL)\n.post('/pet')\n.send(postData.createPet)\n.end(function(err,res){\n//expect(res.body.id).to.be.a('integer');\nexpect(res.body.category).to.be.a('object');\nexpect(res.body.name).to.be.a('string');\nexpect(res.body.photoUrls).to.be.a('array');\nexpect(res.body.tags).to.be.a('array');\nexpect(res.body.status).to.be.a('string');\n    if(err){\n        done(err);\n        }\n    done();\n})",
          "err": {},
          "uuid": "b0ee7cae-206c-4955-9134-c1726b3f9186",
          "parentUUID": "a4119401-31b7-462d-a25b-ec8680b12a41",
          "isHook": false,
          "skipped": false
        },
        {
          "title": "Verify the GET response follows json schema for '/pet/pet_id' route ",
          "fullTitle": "Verify the GET response follows json schema for '/pet/pet_id' route ",
          "timedOut": false,
          "duration": 130,
          "state": "passed",
          "speed": "slow",
          "pass": true,
          "fail": false,
          "pending": false,
          "context": null,
          "code": "chai.request(baseURL)\n.get(`/pet/${postData.createPet.id}`)\n.end(function(err,res){\n\n    expect(res.body).to.be.jsonSchema(dataSchema.createPet.paths[\"/pet/{petId}\"]);\n    if(err){\n        done(err);\n        }\n    done();\n})",
          "err": {},
          "uuid": "784d9c68-0c1b-4108-847e-80874325a4b2",
          "parentUUID": "a4119401-31b7-462d-a25b-ec8680b12a41",
          "isHook": false,
          "skipped": false
        },
        {
          "title": "Verify the 'GET' response code 200 for '/pet/{pet_id}' route",
          "fullTitle": "Verify the 'GET' response code 200 for '/pet/{pet_id}' route",
          "timedOut": false,
          "duration": 116,
          "state": "passed",
          "speed": "slow",
          "pass": true,
          "fail": false,
          "pending": false,
          "context": null,
          "code": "chai.request(baseURL)\n.get(`/pet/${postData.createPet.id}`)\n.end(function(err,res){\n expect(res.statusCode).to.equal(200)\n expect(res)\n    if(err){\n        done(err);\n        }\n    done();\n})",
          "err": {},
          "uuid": "bdb55918-f365-404c-8cdb-e1b01a917c9a",
          "parentUUID": "a4119401-31b7-462d-a25b-ec8680b12a41",
          "isHook": false,
          "skipped": false
        },
        {
          "title": "Verify the 'GET' response code 400 for '/pet/{pet_id}' route",
          "fullTitle": "Verify the 'GET' response code 400 for '/pet/{pet_id}' route",
          "timedOut": false,
          "duration": 112,
          "state": "passed",
          "speed": "slow",
          "pass": true,
          "fail": false,
          "pending": false,
          "context": null,
          "code": "chai.request(baseURL)\n.get('/pet/9999999999999')\n.end(function(err,res){\n expect(res.statusCode).to.equal(404)\n expect(res)\n    if(err){\n        done(err);\n        }\n    done();\n})",
          "err": {},
          "uuid": "5f863124-d968-468d-86cf-bb71079622da",
          "parentUUID": "a4119401-31b7-462d-a25b-ec8680b12a41",
          "isHook": false,
          "skipped": false
        },
        {
          "title": "Verify the 'GET' response data for '/pet/{pet_id}' route",
          "fullTitle": "Verify the 'GET' response data for '/pet/{pet_id}' route",
          "timedOut": false,
          "duration": 113,
          "state": "passed",
          "speed": "slow",
          "pass": true,
          "fail": false,
          "pending": false,
          "context": null,
          "code": "chai.request(baseURL)\n.get(`/pet/${postData.createPet.id}`)\n.end(function(err,res){\n    expect(res.body).to.have.property('id');\n    expect(res.body).to.have.property('category');\n    expect(res.body).to.have.property('name');\n    expect(res.body).to.have.property('photoUrls');\n    expect(res.body).to.have.property('status');\n       if(err){\n           done(err);\n           }\n       done();\n   })",
          "err": {},
          "uuid": "49be81f2-4b68-430f-8f3c-be0382e09032",
          "parentUUID": "a4119401-31b7-462d-a25b-ec8680b12a41",
          "isHook": false,
          "skipped": false
        },
        {
          "title": "Verify the 'GET' response type for '/pet/{pet_id}' route",
          "fullTitle": "Verify the 'GET' response type for '/pet/{pet_id}' route",
          "timedOut": false,
          "duration": 112,
          "state": "passed",
          "speed": "slow",
          "pass": true,
          "fail": false,
          "pending": false,
          "context": null,
          "code": "chai.request(baseURL)\n.get(`/pet/${postData.createPet.id}`)\n.end(function(err,res){\n    //expect(res.body.id).to.be.a('integer');\n    expect(res.body.category).to.be.a('object');\n    expect(res.body.name).to.be.a('string');\n    expect(res.body.photoUrls).to.be.a('array');\n    expect(res.body.tags).to.be.a('array');\n    expect(res.body.status).to.be.a('string');\n       if(err){\n           done(err);\n           }\n       done();\n   })",
          "err": {},
          "uuid": "02ba0e6b-588c-424d-bd79-e52a80af368a",
          "parentUUID": "a4119401-31b7-462d-a25b-ec8680b12a41",
          "isHook": false,
          "skipped": false
        },
        {
          "title": "Verify the PUT response follows json schema for '/pet' route ",
          "fullTitle": "Verify the PUT response follows json schema for '/pet' route ",
          "timedOut": false,
          "duration": 111,
          "state": "passed",
          "speed": "slow",
          "pass": true,
          "fail": false,
          "pending": false,
          "context": null,
          "code": "chai.request(baseURL)\n.put(`/pet`)\n.send(postData.editPet)\n.end(function(err,res){\nexpect(res.body).to.be.jsonSchema(dataSchema.createPet.paths[\"/pet\"]);\n    if(err){\n        done(err);\n        }\n    done();\n})",
          "err": {},
          "uuid": "ecc72928-1e3a-45c5-9b13-a257826a1699",
          "parentUUID": "a4119401-31b7-462d-a25b-ec8680b12a41",
          "isHook": false,
          "skipped": false
        },
        {
          "title": "Verify the PUT response data with new data for '/pet' route ",
          "fullTitle": "Verify the PUT response data with new data for '/pet' route ",
          "timedOut": false,
          "duration": 112,
          "state": "passed",
          "speed": "slow",
          "pass": true,
          "fail": false,
          "pending": false,
          "context": null,
          "code": "chai.request(baseURL)\n.put(`/pet`)\n.send(postData.editPet)\n.end(function(err,res){\nexpect(res.body.status).to.equal(\"pending\");\n    if(err){\n        done(err);\n        }\n    done();\n})",
          "err": {},
          "uuid": "92f96ccd-feb7-4373-9e10-4b10592975e9",
          "parentUUID": "a4119401-31b7-462d-a25b-ec8680b12a41",
          "isHook": false,
          "skipped": false
        },
        {
          "title": "Verify the 'PUT' response data for '/pet' route",
          "fullTitle": "Verify the 'PUT' response data for '/pet' route",
          "timedOut": false,
          "duration": 108,
          "state": "passed",
          "speed": "slow",
          "pass": true,
          "fail": false,
          "pending": false,
          "context": null,
          "code": "chai.request(baseURL)\n.put(`/pet`)\n.send(postData.editPet)\n.end(function(err,res){\n    expect(res.body).to.have.property('id');\n    expect(res.body).to.have.property('category');\n    expect(res.body).to.have.property('name');\n    expect(res.body).to.have.property('photoUrls');\n    expect(res.body).to.have.property('status');\n       if(err){\n           done(err);\n           }\n       done();\n   })",
          "err": {},
          "uuid": "bc5ea9ce-943e-407c-915a-ac3e928eeffd",
          "parentUUID": "a4119401-31b7-462d-a25b-ec8680b12a41",
          "isHook": false,
          "skipped": false
        },
        {
          "title": "Verify the 'Push' response type for '/pet/' route",
          "fullTitle": "Verify the 'Push' response type for '/pet/' route",
          "timedOut": false,
          "duration": 113,
          "state": "passed",
          "speed": "slow",
          "pass": true,
          "fail": false,
          "pending": false,
          "context": null,
          "code": "chai.request(baseURL)\n.put(`/pet`)\n                   .send(postData.editPet)\n.end(function(err,res){\n    //expect(res.body.id).to.be.a('integer');\n    expect(res.body.category).to.be.a('object');\n    expect(res.body.name).to.be.a('string');\n    expect(res.body.photoUrls).to.be.a('array');\n    expect(res.body.tags).to.be.a('array');\n    expect(res.body.status).to.be.a('string');\n       if(err){\n           done(err);\n           }\n       done();\n   })",
          "err": {},
          "uuid": "26de3e9b-bd5f-4e92-ba86-a5d53e8ea605",
          "parentUUID": "a4119401-31b7-462d-a25b-ec8680b12a41",
          "isHook": false,
          "skipped": false
        }
      ],
      "suites": [
        {
          "uuid": "4afb14dc-4d07-43fe-8c5f-be5815b59a50",
          "title": "API tests for pet management ",
          "fullFile": "/Users/rajnishparmar/Documents/automation_suite/API_tests/test.js",
          "file": "/test.js",
          "beforeHooks": [],
          "afterHooks": [],
          "tests": [
            {
              "title": "Verify the 'POST' response payload follows json schema for '/pet' route",
              "fullTitle": "API tests for pet management  Verify the 'POST' response payload follows json schema for '/pet' route",
              "timedOut": false,
              "duration": 109,
              "state": "passed",
              "speed": "slow",
              "pass": true,
              "fail": false,
              "pending": false,
              "context": null,
              "code": "chai.request(baseURL)\n.post('/pet')\n.send(postData.createPet)\n.end(function(err,res){\n pet_id = res.body.id\n expect(res).to.be.jsonSchema(dataSchema.createPet.paths[\"/pet\"]);\n    if(err){\n        done(err);\n        }\n    done();\n})",
              "err": {},
              "uuid": "bf947570-9ab2-497c-85f9-849bedb5ddbb",
              "parentUUID": "4afb14dc-4d07-43fe-8c5f-be5815b59a50",
              "isHook": false,
              "skipped": false
            }
          ],
          "suites": [],
          "passes": [
            "bf947570-9ab2-497c-85f9-849bedb5ddbb"
          ],
          "failures": [],
          "pending": [],
          "skipped": [],
          "duration": 109,
          "root": false,
          "rootEmpty": false,
          "_timeout": 2000
        }
      ],
      "passes": [
        "ba8247ad-924a-4ec1-8965-5c02252aa894",
        "f6180d5c-e1d0-482b-b1de-a4e04d02e056",
        "99127066-88c2-4f72-a0b4-c8b2250deb86",
        "b0ee7cae-206c-4955-9134-c1726b3f9186",
        "784d9c68-0c1b-4108-847e-80874325a4b2",
        "bdb55918-f365-404c-8cdb-e1b01a917c9a",
        "5f863124-d968-468d-86cf-bb71079622da",
        "49be81f2-4b68-430f-8f3c-be0382e09032",
        "02ba0e6b-588c-424d-bd79-e52a80af368a",
        "ecc72928-1e3a-45c5-9b13-a257826a1699",
        "92f96ccd-feb7-4373-9e10-4b10592975e9",
        "bc5ea9ce-943e-407c-915a-ac3e928eeffd",
        "26de3e9b-bd5f-4e92-ba86-a5d53e8ea605"
      ],
      "failures": [],
      "pending": [],
      "skipped": [],
      "duration": 1605,
      "root": true,
      "rootEmpty": false,
      "_timeout": 2000
    }
  ],
  "meta": {
    "mocha": {
      "version": "8.4.0"
    },
    "mochawesome": {
      "options": {
        "quiet": false,
        "reportFilename": "mochawesome",
        "saveHtml": true,
        "saveJson": true,
        "consoleReporter": "spec",
        "useInlineDiffs": false,
        "code": true
      },
      "version": "7.1.3"
    },
    "marge": {
      "options": null,
      "version": "6.2.0"
    }
  }
}