{
  "stats": {
    "suites": 1,
    "tests": 14,
    "passes": 14,
    "pending": 0,
    "failures": 0,
    "start": "2025-03-24T21:49:55.324Z",
    "end": "2025-03-24T21:49:57.043Z",
    "duration": 1719,
    "testsRegistered": 14,
    "passPercent": 100,
    "pendingPercent": 0,
    "other": 0,
    "hasOther": false,
    "skipped": 0,
    "hasSkipped": false
  },
  "results": [
    {
      "uuid": "6caf843b-b61c-47cc-a897-a281aef65475",
      "title": "",
      "fullFile": "/Users/rajnishparmar/Documents/automation_suite/API_tests/test.js",
      "file": "/test.js",
      "beforeHooks": [],
      "afterHooks": [],
      "tests": [
        {
          "title": "Verify the 'POST' response code 200 for '/pet' route",
          "fullTitle": "Verify the 'POST' response code 200 for '/pet' route",
          "timedOut": false,
          "duration": 274,
          "state": "passed",
          "speed": "slow",
          "pass": true,
          "fail": false,
          "pending": false,
          "context": null,
          "code": "chai.request(baseURL)\n.post('/pet')\n.send(postData.createPet)\n.end(function(err,res){\n expect(res.statusCode).to.equal(200)\n expect(res)\n    if(err){\n        done(err);\n        }\n    done();\n})",
          "err": {},
          "uuid": "7ef1ce75-c0a6-4ee0-8d7f-d75f51ad20f8",
          "parentUUID": "6caf843b-b61c-47cc-a897-a281aef65475",
          "isHook": false,
          "skipped": false
        },
        {
          "title": "Verify the 'POST' response code 405 for '/pet' route",
          "fullTitle": "Verify the 'POST' response code 405 for '/pet' route",
          "timedOut": false,
          "duration": 113,
          "state": "passed",
          "speed": "slow",
          "pass": true,
          "fail": false,
          "pending": false,
          "context": null,
          "code": "chai.request(baseURL)\n.post('/pet')\n.send(postData.invalidinput)\n.end(function(err,res){\n expect(res.statusCode).to.equal(500)\n expect(res)\n    if(err){\n        done(err);\n        }\n    done();\n})",
          "err": {},
          "uuid": "c4534cbe-fa38-4fc8-83f8-78b294e8ea5c",
          "parentUUID": "6caf843b-b61c-47cc-a897-a281aef65475",
          "isHook": false,
          "skipped": false
        },
        {
          "title": "Verify the 'POST' response data for '/pet' route",
          "fullTitle": "Verify the 'POST' response data for '/pet' route",
          "timedOut": false,
          "duration": 105,
          "state": "passed",
          "speed": "slow",
          "pass": true,
          "fail": false,
          "pending": false,
          "context": null,
          "code": "chai.request(baseURL)\n.post('/pet')\n.send(postData.createPet)\n.end(function(err,res){\n expect(res.body).to.have.property('id');\n expect(res.body).to.have.property('category');\n expect(res.body).to.have.property('name');\n expect(res.body).to.have.property('photoUrls');\n expect(res.body).to.have.property('status');\n    if(err){\n        done(err);\n        }\n    done();\n})",
          "err": {},
          "uuid": "c65fd374-e479-40cb-82d1-f2ee1b9520a7",
          "parentUUID": "6caf843b-b61c-47cc-a897-a281aef65475",
          "isHook": false,
          "skipped": false
        },
        {
          "title": "Verify the 'POST' response data type for '/pet' route",
          "fullTitle": "Verify the 'POST' response data type for '/pet' route",
          "timedOut": false,
          "duration": 108,
          "state": "passed",
          "speed": "slow",
          "pass": true,
          "fail": false,
          "pending": false,
          "context": null,
          "code": "chai.request(baseURL)\n.post('/pet')\n.send(postData.createPet)\n.end(function(err,res){\n//expect(res.body.id).to.be.a('integer');\nexpect(res.body.category).to.be.a('object');\nexpect(res.body.name).to.be.a('string');\nexpect(res.body.photoUrls).to.be.a('array');\nexpect(res.body.tags).to.be.a('array');\nexpect(res.body.status).to.be.a('string');\n    if(err){\n        done(err);\n        }\n    done();\n})",
          "err": {},
          "uuid": "81583cef-d29b-4254-875d-945c366429e4",
          "parentUUID": "6caf843b-b61c-47cc-a897-a281aef65475",
          "isHook": false,
          "skipped": false
        },
        {
          "title": "Verify the GET response follows json schema for '/pet/pet_id' route ",
          "fullTitle": "Verify the GET response follows json schema for '/pet/pet_id' route ",
          "timedOut": false,
          "duration": 110,
          "state": "passed",
          "speed": "slow",
          "pass": true,
          "fail": false,
          "pending": false,
          "context": null,
          "code": "chai.request(baseURL)\n.get(`/pet/${postData.createPet.id}`)\n.end(function(err,res){\nexpect(res.body).to.be.jsonSchema(dataSchema.createPet.paths[\"/pet/{petId}\"]);\n    if(err){\n        done(err);\n        }\n    done();\n})",
          "err": {},
          "uuid": "5b636500-26ad-46d6-a897-6ab9876547dc",
          "parentUUID": "6caf843b-b61c-47cc-a897-a281aef65475",
          "isHook": false,
          "skipped": false
        },
        {
          "title": "Verify the 'GET' response code 200 for '/pet/{pet_id}' route",
          "fullTitle": "Verify the 'GET' response code 200 for '/pet/{pet_id}' route",
          "timedOut": false,
          "duration": 105,
          "state": "passed",
          "speed": "slow",
          "pass": true,
          "fail": false,
          "pending": false,
          "context": null,
          "code": "chai.request(baseURL)\n.get(`/pet/${postData.createPet.id}`)\n.end(function(err,res){\n expect(res.statusCode).to.equal(200)\n expect(res)\n    if(err){\n        done(err);\n        }\n    done();\n})",
          "err": {},
          "uuid": "9d9e77bc-1aa0-4455-992c-eefcb01e2dae",
          "parentUUID": "6caf843b-b61c-47cc-a897-a281aef65475",
          "isHook": false,
          "skipped": false
        },
        {
          "title": "Verify the 'GET' response code 400 for '/pet/{pet_id}' route",
          "fullTitle": "Verify the 'GET' response code 400 for '/pet/{pet_id}' route",
          "timedOut": false,
          "duration": 113,
          "state": "passed",
          "speed": "slow",
          "pass": true,
          "fail": false,
          "pending": false,
          "context": null,
          "code": "chai.request(baseURL)\n.get('/pet/9999999999999')\n.end(function(err,res){\n expect(res.statusCode).to.equal(404)\n expect(res)\n    if(err){\n        done(err);\n        }\n    done();\n})",
          "err": {},
          "uuid": "f38afd77-10b1-4b63-ab0e-bcb25aee6ea3",
          "parentUUID": "6caf843b-b61c-47cc-a897-a281aef65475",
          "isHook": false,
          "skipped": false
        },
        {
          "title": "Verify the 'GET' response data for '/pet/{pet_id}' route",
          "fullTitle": "Verify the 'GET' response data for '/pet/{pet_id}' route",
          "timedOut": false,
          "duration": 110,
          "state": "passed",
          "speed": "slow",
          "pass": true,
          "fail": false,
          "pending": false,
          "context": null,
          "code": "chai.request(baseURL)\n.get(`/pet/${postData.createPet.id}`)\n.end(function(err,res){\n    console.log(res.body);\n    expect(res.body).to.have.property('id');\n    expect(res.body).to.have.property('category');\n    expect(res.body).to.have.property('name');\n    expect(res.body).to.have.property('photoUrls');\n    expect(res.body).to.have.property('status');\n       if(err){\n           done(err);\n           }\n       done();\n   })",
          "err": {},
          "uuid": "a9f13a3f-03a2-4f52-849e-c13495f827e7",
          "parentUUID": "6caf843b-b61c-47cc-a897-a281aef65475",
          "isHook": false,
          "skipped": false
        },
        {
          "title": "Verify the 'GET' response type for '/pet/{pet_id}' route",
          "fullTitle": "Verify the 'GET' response type for '/pet/{pet_id}' route",
          "timedOut": false,
          "duration": 110,
          "state": "passed",
          "speed": "slow",
          "pass": true,
          "fail": false,
          "pending": false,
          "context": null,
          "code": "chai.request(baseURL)\n.get(`/pet/${postData.createPet.id}`)\n.end(function(err,res){\n    //expect(res.body.id).to.be.a('integer');\n    expect(res.body.category).to.be.a('object');\n    expect(res.body.name).to.be.a('string');\n    expect(res.body.photoUrls).to.be.a('array');\n    expect(res.body.tags).to.be.a('array');\n    expect(res.body.status).to.be.a('string');\n       if(err){\n           done(err);\n           }\n       done();\n   })",
          "err": {},
          "uuid": "78f359d8-8312-4f04-9b05-d4c334eed480",
          "parentUUID": "6caf843b-b61c-47cc-a897-a281aef65475",
          "isHook": false,
          "skipped": false
        },
        {
          "title": "Verify the PUT response follows json schema for '/pet' route ",
          "fullTitle": "Verify the PUT response follows json schema for '/pet' route ",
          "timedOut": false,
          "duration": 111,
          "state": "passed",
          "speed": "slow",
          "pass": true,
          "fail": false,
          "pending": false,
          "context": null,
          "code": "chai.request(baseURL)\n.put(`/pet`)\n.send(postData.editPet)\n.end(function(err,res){\nexpect(res.body).to.be.jsonSchema(dataSchema.createPet.paths[\"/pet\"]);\n    if(err){\n        done(err);\n        }\n    done();\n})",
          "err": {},
          "uuid": "21f74ab5-c28b-45c0-9b4d-30e3494f5df4",
          "parentUUID": "6caf843b-b61c-47cc-a897-a281aef65475",
          "isHook": false,
          "skipped": false
        },
        {
          "title": "Verify the PUT response data with new data for '/pet' route ",
          "fullTitle": "Verify the PUT response data with new data for '/pet' route ",
          "timedOut": false,
          "duration": 119,
          "state": "passed",
          "speed": "slow",
          "pass": true,
          "fail": false,
          "pending": false,
          "context": null,
          "code": "chai.request(baseURL)\n.put(`/pet`)\n.send(postData.editPet)\n.end(function(err,res){\nexpect(res.body.status).to.equal(\"pending\");\n    if(err){\n        done(err);\n        }\n    done();\n})",
          "err": {},
          "uuid": "e4d23033-2c1b-49f1-b798-725f1c75554b",
          "parentUUID": "6caf843b-b61c-47cc-a897-a281aef65475",
          "isHook": false,
          "skipped": false
        },
        {
          "title": "Verify the 'PUT' response data for '/pet' route",
          "fullTitle": "Verify the 'PUT' response data for '/pet' route",
          "timedOut": false,
          "duration": 110,
          "state": "passed",
          "speed": "slow",
          "pass": true,
          "fail": false,
          "pending": false,
          "context": null,
          "code": "chai.request(baseURL)\n.put(`/pet`)\n.send(postData.editPet)\n.end(function(err,res){\n    expect(res.body).to.have.property('id');\n    expect(res.body).to.have.property('category');\n    expect(res.body).to.have.property('name');\n    expect(res.body).to.have.property('photoUrls');\n    expect(res.body).to.have.property('status');\n       if(err){\n           done(err);\n           }\n       done();\n   })",
          "err": {},
          "uuid": "f8ac37d0-8064-46bd-91d0-f42a8c4c29fe",
          "parentUUID": "6caf843b-b61c-47cc-a897-a281aef65475",
          "isHook": false,
          "skipped": false
        },
        {
          "title": "Verify the 'Push' response type for '/pet/' route",
          "fullTitle": "Verify the 'Push' response type for '/pet/' route",
          "timedOut": false,
          "duration": 112,
          "state": "passed",
          "speed": "slow",
          "pass": true,
          "fail": false,
          "pending": false,
          "context": null,
          "code": "chai.request(baseURL)\n.put(`/pet`)\n                   .send(postData.editPet)\n.end(function(err,res){\n    console.log(res.body)\n    //expect(res.body.id).to.be.a('integer');\n    expect(res.body.category).to.be.a('object');\n    expect(res.body.name).to.be.a('string');\n    expect(res.body.photoUrls).to.be.a('array');\n    expect(res.body.tags).to.be.a('array');\n    expect(res.body.status).to.be.a('string');\n       if(err){\n           done(err);\n           }\n       done();\n   })",
          "err": {},
          "uuid": "046bbbac-4f3a-43a4-8d1c-e0379b3d59e1",
          "parentUUID": "6caf843b-b61c-47cc-a897-a281aef65475",
          "isHook": false,
          "skipped": false
        }
      ],
      "suites": [
        {
          "uuid": "27aacb5d-3fcd-413a-88d8-d4597b029b0f",
          "title": "API tests for pet management ",
          "fullFile": "/Users/rajnishparmar/Documents/automation_suite/API_tests/test.js",
          "file": "/test.js",
          "beforeHooks": [],
          "afterHooks": [],
          "tests": [
            {
              "title": "Verify the 'POST' response payload follows json schema for '/pet' route",
              "fullTitle": "API tests for pet management  Verify the 'POST' response payload follows json schema for '/pet' route",
              "timedOut": false,
              "duration": 107,
              "state": "passed",
              "speed": "slow",
              "pass": true,
              "fail": false,
              "pending": false,
              "context": null,
              "code": "chai.request(baseURL)\n.post('/pet')\n.send(postData.createPet)\n.end(function(err,res){\n pet_id = res.body.id\n  console.log(res.body)\n expect(res).to.be.jsonSchema(dataSchema.createPet.paths[\"/pet\"]);\n    if(err){\n        done(err);\n        }\n    done();\n})",
              "err": {},
              "uuid": "61f624b5-b9b7-48b7-91b2-0ebc536fbf9d",
              "parentUUID": "27aacb5d-3fcd-413a-88d8-d4597b029b0f",
              "isHook": false,
              "skipped": false
            }
          ],
          "suites": [],
          "passes": [
            "61f624b5-b9b7-48b7-91b2-0ebc536fbf9d"
          ],
          "failures": [],
          "pending": [],
          "skipped": [],
          "duration": 107,
          "root": false,
          "rootEmpty": false,
          "_timeout": 2000
        }
      ],
      "passes": [
        "7ef1ce75-c0a6-4ee0-8d7f-d75f51ad20f8",
        "c4534cbe-fa38-4fc8-83f8-78b294e8ea5c",
        "c65fd374-e479-40cb-82d1-f2ee1b9520a7",
        "81583cef-d29b-4254-875d-945c366429e4",
        "5b636500-26ad-46d6-a897-6ab9876547dc",
        "9d9e77bc-1aa0-4455-992c-eefcb01e2dae",
        "f38afd77-10b1-4b63-ab0e-bcb25aee6ea3",
        "a9f13a3f-03a2-4f52-849e-c13495f827e7",
        "78f359d8-8312-4f04-9b05-d4c334eed480",
        "21f74ab5-c28b-45c0-9b4d-30e3494f5df4",
        "e4d23033-2c1b-49f1-b798-725f1c75554b",
        "f8ac37d0-8064-46bd-91d0-f42a8c4c29fe",
        "046bbbac-4f3a-43a4-8d1c-e0379b3d59e1"
      ],
      "failures": [],
      "pending": [],
      "skipped": [],
      "duration": 1600,
      "root": true,
      "rootEmpty": false,
      "_timeout": 2000
    }
  ],
  "meta": {
    "mocha": {
      "version": "8.4.0"
    },
    "mochawesome": {
      "options": {
        "quiet": false,
        "reportFilename": "mochawesome",
        "saveHtml": true,
        "saveJson": true,
        "consoleReporter": "spec",
        "useInlineDiffs": false,
        "code": true
      },
      "version": "7.1.3"
    },
    "marge": {
      "options": null,
      "version": "6.2.0"
    }
  }
}